<?xml version="1.0" encoding="UTF-8"?>
<!-- Generated by org.testng.reporters.JUnitReportReporter -->
<testsuite skipped="0" hostname="DESKTOP-FUMO324" name="MavenHome.mav.rediffTestCases" tests="1" failures="0" timestamp="2020-06-18T18:01:44 IST" time="15.466" errors="0">
  <testcase name="Login" time="15.466" classname="MavenHome.mav.rediffTestCases"/>
  <system-out/>
</testsuite> <!-- MavenHome.mav.rediffTestCases -->
