<?xml version="1.0" encoding="UTF-8"?>
<!-- Generated by org.testng.reporters.JUnitReportReporter -->
<testsuite skipped="0" hostname="DESKTOP-FUMO324" name="MavenHome.mav.dataDrivenTest" tests="1" failures="0" timestamp="2020-06-15T20:30:24 IST" time="1.022" errors="0">
  <testcase name="dataDriven" time="1.022" classname="MavenHome.mav.dataDrivenTest"/>
  <system-out/>
</testsuite> <!-- MavenHome.mav.dataDrivenTest -->
