<?xml version="1.0" encoding="UTF-8"?>
<!-- Generated by org.testng.reporters.JUnitReportReporter -->
<testsuite skipped="0" hostname="DESKTOP-FUMO324" name="MavenHome.mav.loanDepartmentTest2" tests="1" failures="0" timestamp="2020-06-13T22:36:46 IST" time="0.004" errors="0">
  <testcase name="investmentLoan2" time="0.004" classname="MavenHome.mav.loanDepartmentTest2"/>
  <system-out/>
</testsuite> <!-- MavenHome.mav.loanDepartmentTest2 -->
