<?xml version="1.0" encoding="UTF-8"?>
<!-- Generated by org.testng.reporters.JUnitReportReporter -->
<testsuite skipped="0" hostname="DESKTOP-FUMO324" name="MavenHome.mav.loanDepartmentTest" tests="1" failures="0" timestamp="2020-06-15T20:25:12 IST" time="0.014" errors="0">
  <testcase name="investmentLoan2" time="0.014" classname="MavenHome.mav.loanDepartmentTest"/>
  <system-out/>
</testsuite> <!-- MavenHome.mav.loanDepartmentTest -->
