<?xml version="1.0" encoding="UTF-8"?>
<!-- Generated by org.testng.reporters.JUnitReportReporter -->
<testsuite skipped="0" hostname="DESKTOP-FUMO324" name="MavenHome.mav.loanDepartment2Test" tests="1" failures="0" timestamp="2020-06-16T12:20:09 IST" time="0.000" errors="0">
  <testcase name="investmentLoan" time="0.000" classname="MavenHome.mav.loanDepartment2Test"/>
  <system-out/>
</testsuite> <!-- MavenHome.mav.loanDepartment2Test -->
